<?xml version="1.0" encoding="UTF-8"?>
<robot generator="Robot 3.1.2 (Python 3.7.5 on win32)" generated="20191120 20:31:55.078" rpa="false">
<suite id="s1" name="Test" source="C:\Users\jchoudha\Desktop\Jenkins_robot\Test.txt">
<test id="s1-t1" name="TC1">
<kw name="Log" library="BuiltIn">
<doc>Logs the given message with the given level.</doc>
<arguments>
<arg>hello</arg>
</arguments>
<msg timestamp="20191120 20:31:55.178" level="INFO">hello</msg>
<status status="PASS" starttime="20191120 20:31:55.178" endtime="20191120 20:31:55.178"></status>
</kw>
<status status="PASS" starttime="20191120 20:31:55.178" endtime="20191120 20:31:55.178" critical="yes"></status>
</test>
<status status="PASS" starttime="20191120 20:31:55.078" endtime="20191120 20:31:55.178"></status>
</suite>
<statistics>
<total>
<stat pass="1" fail="0">Critical Tests</stat>
<stat pass="1" fail="0">All Tests</stat>
</total>
<tag>
</tag>
<suite>
<stat pass="1" fail="0" id="s1" name="Test">Test</stat>
</suite>
</statistics>
<errors>
<msg timestamp="20191120 20:31:54.993" level="WARN">Automatically parsing other than '*.robot' files is deprecated. Convert 'C:\Users\jchoudha\Desktop\Jenkins_robot\Test.txt' to '*.robot' format or use '--extension' to explicitly configure which files to parse.</msg>
</errors>
</robot>
